# JRE version: OpenJDK Runtime Environment (11.0.2+9) (build 11.0.2+9)
# Java VM: OpenJDK 64-Bit Server VM (11.0.2+9, mixed mode, tiered, compressed oops, g1 gc, windows-amd64)
Heap:
 garbage-first heap   total 260096K, used 71949K [0x0000000702600000, 0x0000000800000000)
  region size 1024K, 43 young (44032K), 8 survivors (8192K)
 Metaspace       used 46313K, capacity 48164K, committed 48256K, reserved 1091584K
  class space    used 5716K, capacity 6521K, committed 6528K, reserved 1048576K
GC Heap History (10 events):
Event: 1.799 GC heap before
{Heap before GC invocations=0 (full 0):
 garbage-first heap   total 260096K, used 23552K [0x0000000702600000, 0x0000000800000000)
  region size 1024K, 24 young (24576K), 0 survivors (0K)
 Metaspace       used 14038K, capacity 14364K, committed 14592K, reserved 1062912K
  class space    used 1361K, capacity 1518K, committed 1536K, reserved 1048576K
}
Event: 1.806 GC heap after
{Heap after GC invocations=1 (full 0):
 garbage-first heap   total 260096K, used 5500K [0x0000000702600000, 0x0000000800000000)
  region size 1024K, 3 young (3072K), 3 survivors (3072K)
 Metaspace       used 14038K, capacity 14364K, committed 14592K, reserved 1062912K
  class space    used 1361K, capacity 1518K, committed 1536K, reserved 1048576K
}
Event: 2.347 GC heap before
{Heap before GC invocations=1 (full 0):
 garbage-first heap   total 260096K, used 17788K [0x0000000702600000, 0x0000000800000000)
  region size 1024K, 15 young (15360K), 3 survivors (3072K)
 Metaspace       used 17582K, capacity 18014K, committed 18176K, reserved 1064960K
  class space    used 1773K, capacity 1947K, committed 2048K, reserved 1048576K
}
Event: 2.351 GC heap after
{Heap after GC invocations=2 (full 0):
 garbage-first heap   total 260096K, used 6773K [0x0000000702600000, 0x0000000800000000)
  region size 1024K, 2 young (2048K), 2 survivors (2048K)
 Metaspace       used 17582K, capacity 18014K, committed 18176K, reserved 1064960K
  class space    used 1773K, capacity 1947K, committed 2048K, reserved 1048576K
}
Event: 2.778 GC heap before
{Heap before GC invocations=2 (full 0):
 garbage-first heap   total 260096K, used 17013K [0x0000000702600000, 0x0000000800000000)
  region size 1024K, 11 young (11264K), 2 survivors (2048K)
 Metaspace       used 20492K, capacity 21080K, committed 21248K, reserved 1069056K
  class space    used 2194K, capacity 2446K, committed 2560K, reserved 1048576K
}
Event: 2.781 GC heap after
{Heap after GC invocations=3 (full 0):
 garbage-first heap   total 260096K, used 9480K [0x0000000702600000, 0x0000000800000000)
  region size 1024K, 2 young (2048K), 2 survivors (2048K)
 Metaspace       used 20492K, capacity 21080K, committed 21248K, reserved 1069056K
  class space    used 2194K, capacity 2446K, committed 2560K, reserved 1048576K
}
Event: 5.074 GC heap before
{Heap before GC invocations=4 (full 0):
 garbage-first heap   total 260096K, used 76040K [0x0000000702600000, 0x0000000800000000)
  region size 1024K, 64 young (65536K), 2 survivors (2048K)
 Metaspace       used 34360K, capacity 35813K, committed 35840K, reserved 1079296K
  class space    used 4595K, capacity 5248K, committed 5248K, reserved 1048576K
}
Event: 5.088 GC heap after
{Heap after GC invocations=5 (full 0):
 garbage-first heap   total 260096K, used 18380K [0x0000000702600000, 0x0000000800000000)
  region size 1024K, 9 young (9216K), 9 survivors (9216K)
 Metaspace       used 34360K, capacity 35813K, committed 35840K, reserved 1079296K
  class space    used 4595K, capacity 5248K, committed 5248K, reserved 1048576K
}
Event: 32.241 GC heap before
{Heap before GC invocations=6 (full 0):
 garbage-first heap   total 260096K, used 103372K [0x0000000702600000, 0x0000000800000000)
  region size 1024K, 91 young (93184K), 9 survivors (9216K)
 Metaspace       used 45159K, capacity 46989K, committed 47232K, reserved 1089536K
  class space    used 5634K, capacity 6412K, committed 6528K, reserved 1048576K
}
Event: 32.258 GC heap after
{Heap after GC invocations=7 (full 0):
 garbage-first heap   total 260096K, used 27917K [0x0000000702600000, 0x0000000800000000)
  region size 1024K, 8 young (8192K), 8 survivors (8192K)
 Metaspace       used 45159K, capacity 46989K, committed 47232K, reserved 1089536K
  class space    used 5634K, capacity 6412K, committed 6528K, reserved 1048576K
}

