# JRE version: OpenJDK Runtime Environment (11.0.2+9) (build 11.0.2+9)
# Java VM: OpenJDK 64-Bit Server VM (11.0.2+9, mixed mode, tiered, compressed oops, g1 gc, windows-amd64)
Heap:
 garbage-first heap   total 260096K, used 48180K [0x0000000702600000, 0x0000000800000000)
  region size 1024K, 25 young (25600K), 8 survivors (8192K)
 Metaspace       used 44347K, capacity 46340K, committed 46592K, reserved 1089536K
  class space    used 5706K, capacity 6565K, committed 6656K, reserved 1048576K
GC Heap History (10 events):
Event: 2.064 GC heap before
{Heap before GC invocations=1 (full 0):
 garbage-first heap   total 260096K, used 29099K [0x0000000702600000, 0x0000000800000000)
  region size 1024K, 24 young (24576K), 3 survivors (3072K)
 Metaspace       used 20214K, capacity 20777K, committed 20864K, reserved 1067008K
  class space    used 2154K, capacity 2365K, committed 2432K, reserved 1048576K
}
Event: 2.069 GC heap after
{Heap after GC invocations=2 (full 0):
 garbage-first heap   total 260096K, used 9687K [0x0000000702600000, 0x0000000800000000)
  region size 1024K, 2 young (2048K), 2 survivors (2048K)
 Metaspace       used 20214K, capacity 20777K, committed 20864K, reserved 1067008K
  class space    used 2154K, capacity 2365K, committed 2432K, reserved 1048576K
}
Event: 2.138 GC heap before
{Heap before GC invocations=2 (full 0):
 garbage-first heap   total 260096K, used 12759K [0x0000000702600000, 0x0000000800000000)
  region size 1024K, 4 young (4096K), 2 survivors (2048K)
 Metaspace       used 20550K, capacity 21107K, committed 21248K, reserved 1069056K
  class space    used 2206K, capacity 2454K, committed 2560K, reserved 1048576K
}
Event: 2.140 GC heap after
{Heap after GC invocations=3 (full 0):
 garbage-first heap   total 260096K, used 11899K [0x0000000702600000, 0x0000000800000000)
  region size 1024K, 2 young (2048K), 2 survivors (2048K)
 Metaspace       used 20550K, capacity 21107K, committed 21248K, reserved 1069056K
  class space    used 2206K, capacity 2454K, committed 2560K, reserved 1048576K
}
Event: 3.630 GC heap before
{Heap before GC invocations=4 (full 0):
 garbage-first heap   total 260096K, used 77435K [0x0000000702600000, 0x0000000800000000)
  region size 1024K, 64 young (65536K), 2 survivors (2048K)
 Metaspace       used 33922K, capacity 35477K, committed 35712K, reserved 1079296K
  class space    used 4561K, capacity 5192K, committed 5248K, reserved 1048576K
}
Event: 3.640 GC heap after
{Heap after GC invocations=5 (full 0):
 garbage-first heap   total 260096K, used 18963K [0x0000000702600000, 0x0000000800000000)
  region size 1024K, 8 young (8192K), 8 survivors (8192K)
 Metaspace       used 33922K, capacity 35477K, committed 35712K, reserved 1079296K
  class space    used 4561K, capacity 5192K, committed 5248K, reserved 1048576K
}
Event: 3.649 GC heap before
{Heap before GC invocations=5 (full 0):
 garbage-first heap   total 260096K, used 21011K [0x0000000702600000, 0x0000000800000000)
  region size 1024K, 11 young (11264K), 8 survivors (8192K)
 Metaspace       used 34071K, capacity 35660K, committed 35840K, reserved 1079296K
  class space    used 4593K, capacity 5256K, committed 5376K, reserved 1048576K
}
Event: 3.658 GC heap after
{Heap after GC invocations=6 (full 0):
 garbage-first heap   total 260096K, used 19987K [0x0000000702600000, 0x0000000800000000)
  region size 1024K, 1 young (1024K), 1 survivors (1024K)
 Metaspace       used 34071K, capacity 35660K, committed 35840K, reserved 1079296K
  class space    used 4593K, capacity 5256K, committed 5376K, reserved 1048576K
}
Event: 13.001 GC heap before
{Heap before GC invocations=7 (full 0):
 garbage-first heap   total 260096K, used 98835K [0x0000000702600000, 0x0000000800000000)
  region size 1024K, 71 young (72704K), 1 survivors (1024K)
 Metaspace       used 43856K, capacity 45888K, committed 45952K, reserved 1089536K
  class space    used 5665K, capacity 6526K, committed 6528K, reserved 1048576K
}
Event: 13.008 GC heap after
{Heap after GC invocations=8 (full 0):
 garbage-first heap   total 260096K, used 28724K [0x0000000702600000, 0x0000000800000000)
  region size 1024K, 8 young (8192K), 8 survivors (8192K)
 Metaspace       used 43856K, capacity 45888K, committed 45952K, reserved 1089536K
  class space    used 5665K, capacity 6526K, committed 6528K, reserved 1048576K
}

