# JRE version: OpenJDK Runtime Environment (11.0.2+9) (build 11.0.2+9)
# Java VM: OpenJDK 64-Bit Server VM (11.0.2+9, mixed mode, tiered, compressed oops, g1 gc, windows-amd64)
Heap:
 garbage-first heap   total 260096K, used 37663K [0x0000000702600000, 0x0000000800000000)
  region size 1024K, 19 young (19456K), 7 survivors (7168K)
 Metaspace       used 43341K, capacity 45247K, committed 45568K, reserved 1089536K
  class space    used 5510K, capacity 6316K, committed 6400K, reserved 1048576K
GC Heap History (10 events):
Event: 1.862 GC heap before
{Heap before GC invocations=0 (full 0):
 garbage-first heap   total 260096K, used 23552K [0x0000000702600000, 0x0000000800000000)
  region size 1024K, 24 young (24576K), 0 survivors (0K)
 Metaspace       used 13717K, capacity 14044K, committed 14336K, reserved 1062912K
  class space    used 1316K, capacity 1454K, committed 1536K, reserved 1048576K
}
Event: 1.869 GC heap after
{Heap after GC invocations=1 (full 0):
 garbage-first heap   total 260096K, used 5949K [0x0000000702600000, 0x0000000800000000)
  region size 1024K, 3 young (3072K), 3 survivors (3072K)
 Metaspace       used 13717K, capacity 14044K, committed 14336K, reserved 1062912K
  class space    used 1316K, capacity 1454K, committed 1536K, reserved 1048576K
}
Event: 2.893 GC heap before
{Heap before GC invocations=1 (full 0):
 garbage-first heap   total 260096K, used 27453K [0x0000000702600000, 0x0000000800000000)
  region size 1024K, 22 young (22528K), 3 survivors (3072K)
 Metaspace       used 19096K, capacity 19571K, committed 19712K, reserved 1067008K
  class space    used 2022K, capacity 2195K, committed 2304K, reserved 1048576K
}
Event: 2.899 GC heap after
{Heap after GC invocations=2 (full 0):
 garbage-first heap   total 260096K, used 9496K [0x0000000702600000, 0x0000000800000000)
  region size 1024K, 2 young (2048K), 2 survivors (2048K)
 Metaspace       used 19096K, capacity 19571K, committed 19712K, reserved 1067008K
  class space    used 2022K, capacity 2195K, committed 2304K, reserved 1048576K
}
Event: 3.094 GC heap before
{Heap before GC invocations=2 (full 0):
 garbage-first heap   total 260096K, used 14616K [0x0000000702600000, 0x0000000800000000)
  region size 1024K, 6 young (6144K), 2 survivors (2048K)
 Metaspace       used 20525K, capacity 21091K, committed 21248K, reserved 1069056K
  class space    used 2200K, capacity 2449K, committed 2560K, reserved 1048576K
}
Event: 3.098 GC heap after
{Heap after GC invocations=3 (full 0):
 garbage-first heap   total 260096K, used 11771K [0x0000000702600000, 0x0000000800000000)
  region size 1024K, 2 young (2048K), 2 survivors (2048K)
 Metaspace       used 20525K, capacity 21091K, committed 21248K, reserved 1069056K
  class space    used 2200K, capacity 2449K, committed 2560K, reserved 1048576K
}
Event: 5.889 GC heap before
{Heap before GC invocations=4 (full 0):
 garbage-first heap   total 260096K, used 75259K [0x0000000702600000, 0x0000000800000000)
  region size 1024K, 63 young (64512K), 2 survivors (2048K)
 Metaspace       used 34275K, capacity 35809K, committed 35840K, reserved 1079296K
  class space    used 4588K, capacity 5248K, committed 5248K, reserved 1048576K
}
Event: 5.904 GC heap after
{Heap after GC invocations=5 (full 0):
 garbage-first heap   total 260096K, used 18562K [0x0000000702600000, 0x0000000800000000)
  region size 1024K, 9 young (9216K), 9 survivors (9216K)
 Metaspace       used 34275K, capacity 35809K, committed 35840K, reserved 1079296K
  class space    used 4588K, capacity 5248K, committed 5248K, reserved 1048576K
}
Event: 123.782 GC heap before
{Heap before GC invocations=6 (full 0):
 garbage-first heap   total 260096K, used 101506K [0x0000000702600000, 0x0000000800000000)
  region size 1024K, 89 young (91136K), 9 survivors (9216K)
 Metaspace       used 43054K, capacity 44950K, committed 45312K, reserved 1087488K
  class space    used 5488K, capacity 6282K, committed 6400K, reserved 1048576K
}
Event: 123.826 GC heap after
{Heap after GC invocations=7 (full 0):
 garbage-first heap   total 260096K, used 27423K [0x0000000702600000, 0x0000000800000000)
  region size 1024K, 7 young (7168K), 7 survivors (7168K)
 Metaspace       used 43054K, capacity 44950K, committed 45312K, reserved 1087488K
  class space    used 5488K, capacity 6282K, committed 6400K, reserved 1048576K
}

