# JRE version: OpenJDK Runtime Environment (11.0.2+9) (build 11.0.2+9)
# Java VM: OpenJDK 64-Bit Server VM (11.0.2+9, mixed mode, tiered, compressed oops, g1 gc, windows-amd64)
Heap:
 garbage-first heap   total 260096K, used 227803K [0x0000000702600000, 0x0000000800000000)
  region size 1024K, 50 young (51200K), 9 survivors (9216K)
 Metaspace       used 45300K, capacity 47292K, committed 47488K, reserved 1089536K
  class space    used 5642K, capacity 6513K, committed 6528K, reserved 1048576K
GC Heap History (10 events):
Event: 4.885 GC heap before
{Heap before GC invocations=4 (full 0):
 garbage-first heap   total 260096K, used 75445K [0x0000000702600000, 0x0000000800000000)
  region size 1024K, 63 young (64512K), 2 survivors (2048K)
 Metaspace       used 34367K, capacity 35820K, committed 35840K, reserved 1079296K
  class space    used 4598K, capacity 5248K, committed 5248K, reserved 1048576K
}
Event: 4.898 GC heap after
{Heap after GC invocations=5 (full 0):
 garbage-first heap   total 260096K, used 18681K [0x0000000702600000, 0x0000000800000000)
  region size 1024K, 8 young (8192K), 8 survivors (8192K)
 Metaspace       used 34367K, capacity 35820K, committed 35840K, reserved 1079296K
  class space    used 4598K, capacity 5248K, committed 5248K, reserved 1048576K
}
Event: 20.006 GC heap before
{Heap before GC invocations=6 (full 0):
 garbage-first heap   total 260096K, used 107769K [0x0000000702600000, 0x0000000800000000)
  region size 1024K, 90 young (92160K), 8 survivors (8192K)
 Metaspace       used 43373K, capacity 45185K, committed 45312K, reserved 1087488K
  class space    used 5518K, capacity 6308K, committed 6400K, reserved 1048576K
}
Event: 20.032 GC heap after
{Heap after GC invocations=7 (full 0):
 garbage-first heap   total 260096K, used 28106K [0x0000000702600000, 0x0000000800000000)
  region size 1024K, 8 young (8192K), 8 survivors (8192K)
 Metaspace       used 43373K, capacity 45185K, committed 45312K, reserved 1087488K
  class space    used 5518K, capacity 6308K, committed 6400K, reserved 1048576K
}
Event: 44.306 GC heap before
{Heap before GC invocations=8 (full 0):
 garbage-first heap   total 260096K, used 206282K [0x0000000702600000, 0x0000000800000000)
  region size 1024K, 100 young (102400K), 8 survivors (8192K)
 Metaspace       used 44816K, capacity 46822K, committed 46976K, reserved 1089536K
  class space    used 5615K, capacity 6470K, committed 6528K, reserved 1048576K
}
Event: 44.318 GC heap after
{Heap after GC invocations=9 (full 0):
 garbage-first heap   total 260096K, used 52202K [0x0000000702600000, 0x0000000800000000)
  region size 1024K, 9 young (9216K), 9 survivors (9216K)
 Metaspace       used 44816K, capacity 46822K, committed 46976K, reserved 1089536K
  class space    used 5615K, capacity 6470K, committed 6528K, reserved 1048576K
}
Event: 44.612 GC heap before
{Heap before GC invocations=10 (full 0):
 garbage-first heap   total 260096K, used 130026K [0x0000000702600000, 0x0000000800000000)
  region size 1024K, 19 young (19456K), 9 survivors (9216K)
 Metaspace       used 44818K, capacity 46822K, committed 46976K, reserved 1089536K
  class space    used 5615K, capacity 6470K, committed 6528K, reserved 1048576K
}
Event: 44.625 GC heap after
{Heap after GC invocations=11 (full 0):
 garbage-first heap   total 260096K, used 94142K [0x0000000702600000, 0x0000000800000000)
  region size 1024K, 8 young (8192K), 8 survivors (8192K)
 Metaspace       used 44818K, capacity 46822K, committed 46976K, reserved 1089536K
  class space    used 5615K, capacity 6470K, committed 6528K, reserved 1048576K
}
Event: 49.201 GC heap before
{Heap before GC invocations=12 (full 0):
 garbage-first heap   total 260096K, used 121790K [0x0000000702600000, 0x0000000800000000)
  region size 1024K, 16 young (16384K), 8 survivors (8192K)
 Metaspace       used 44908K, capacity 46892K, committed 46976K, reserved 1089536K
  class space    used 5616K, capacity 6471K, committed 6528K, reserved 1048576K
}
Event: 49.212 GC heap after
{Heap after GC invocations=13 (full 0):
 garbage-first heap   total 260096K, used 93659K [0x0000000702600000, 0x0000000800000000)
  region size 1024K, 9 young (9216K), 9 survivors (9216K)
 Metaspace       used 44908K, capacity 46892K, committed 46976K, reserved 1089536K
  class space    used 5616K, capacity 6471K, committed 6528K, reserved 1048576K
}

